[0.0.4]
- Created an Event Sheet exclusive for the Crosshair.
- Created Crosshair Aim Behaviour.
- Created Crosshair Searching Behaviour.
- Fixed Crosshair going outside bounds indefinetively.
- Fixed Music Theme final seconds strange noises.

[0.0.3]
- Imported Asteroid, Crosshair and Theme Music Assets.
- Created an Event Sheet exclusive for the Player.
- Created Laser Shoot cooldown Behaviour.
- Created first Crosshair Behaviour.
- Improved border limits, so the Player does not go outside layout.
- Added Music Theme.
- Improved README.md.

[0.0.2]
- Imported Laser, Enemy and Explosion Assets
- Imported Sounds Assets
- Added Keyboard and Audio Objects
- Created Player Movement Behaviour
- Created Laser Shoot Behaviour
- Animated Overground
- Created first Enemy Behaviour

[0.0.1.1]
- Fixed LICENSE file path
- Fixed README.md file path

[0.0.1]
- First Commit
- Project Configuration
- Imported first Assets
- Created Background
- Created Overground
- Created first Player Behaviour